<html>
<body>
<pre>
<h1>Vision Build Log</h1>
<h2>Project:</h2>
F:\吴鉴鹰单片机编程练习\异步串口通信\电脑向单片机发送字符串\UART_RX_Char.uvproj
Project File Date:  09/13/2016

<h2>Output:</h2>
Build target 'Target 1'
compiling UART_RX_Char.c...
UART_RX_CHAR.C(12): error C247: non-address/-constant initializer
Target not created
Build target 'Target 1'
compiling UART_RX_Char.c...
UART_RX_CHAR.C(12): error C247: non-address/-constant initializer
Target not created
Build target 'Target 1'
compiling UART_RX_Char.c...
UART_RX_CHAR.C(110): error C141: syntax error near ']'
Target not created
Build target 'Target 1'
compiling UART_RX_Char.c...
linking...
*** WARNING L16: UNCALLED SEGMENT, IGNORED FOR OVERLAY PROCESS
    SEGMENT: ?PR?_DELAY1MS?UART_RX_CHAR
Program Size: data=34.0 xdata=0 code=710
creating hex file from "UART_RX"...
"UART_RX" - 0 Error(s), 1 Warning(s).
Build target 'Target 1'
linking...
*** WARNING L16: UNCALLED SEGMENT, IGNORED FOR OVERLAY PROCESS
    SEGMENT: ?PR?_DELAY1MS?UART_RX_CHAR
Program Size: data=34.0 xdata=0 code=710
creating hex file from "UART_RX_Char"...
"UART_RX_Char" - 0 Error(s), 1 Warning(s).
Build target 'Target 1'
compiling UART_RX_Char.c...
linking...
*** WARNING L16: UNCALLED SEGMENT, IGNORED FOR OVERLAY PROCESS
    SEGMENT: ?PR?_DELAY1MS?UART_RX_CHAR
Program Size: data=19.0 xdata=0 code=749
creating hex file from "UART_RX_Char"...
"UART_RX_Char" - 0 Error(s), 1 Warning(s).
Build target 'Target 1'
compiling UART_RX_Char.c...
linking...
*** WARNING L16: UNCALLED SEGMENT, IGNORED FOR OVERLAY PROCESS
    SEGMENT: ?PR?_DELAY1MS?UART_RX_CHAR
Program Size: data=19.0 xdata=0 code=757
creating hex file from "UART_RX_Char"...
"UART_RX_Char" - 0 Error(s), 1 Warning(s).
Build target 'Target 1'
compiling UART_RX_Char.c...
linking...
Program Size: data=19.0 xdata=0 code=764
creating hex file from "UART_RX_Char"...
"UART_RX_Char" - 0 Error(s), 0 Warning(s).
Build target 'Target 1'
compiling UART_RX_Char.c...
linking...
Program Size: data=19.0 xdata=0 code=764
creating hex file from "UART_RX_Char"...
"UART_RX_Char" - 0 Error(s), 0 Warning(s).
Build target 'Target 1'
compiling UART_RX_Char.c...
UART_RX_CHAR.C(13): error C231: 'Rx_Char': redefinition
UART_RX_CHAR.C(13): error C141: syntax error near '='
UART_RX_CHAR.C(113): error C195: '*' illegal indirection
Target not created
Build target 'Target 1'
compiling UART_RX_Char.c...
UART_RX_CHAR.C(13): error C231: 'Rx_Char': redefinition
UART_RX_CHAR.C(15): error C141: syntax error near 'unsigned'
UART_RX_CHAR.C(111): error C195: '*' illegal indirection
Target not created
Build target 'Target 1'
compiling UART_RX_Char.c...
UART_RX_CHAR.C(13): error C231: 'Rx_Char': redefinition
UART_RX_CHAR.C(111): error C195: '*' illegal indirection
Target not created
Build target 'Target 1'
compiling UART_RX_Char.c...
UART_RX_CHAR.C(12): error C141: syntax error near ';'
Target not created
Build target 'Target 1'
compiling UART_RX_Char.c...
linking...
*** WARNING L16: UNCALLED SEGMENT, IGNORED FOR OVERLAY PROCESS
    SEGMENT: ?PR?_DELAY1MS?UART_RX_CHAR
Program Size: data=19.0 xdata=0 code=731
creating hex file from "UART_RX_Char"...
"UART_RX_Char" - 0 Error(s), 1 Warning(s).
Build target 'Target 1'
linking...
*** WARNING L16: UNCALLED SEGMENT, IGNORED FOR OVERLAY PROCESS
    SEGMENT: ?PR?_DELAY1MS?UART_RX_CHAR
Program Size: data=19.0 xdata=0 code=731
creating hex file from "UART_RX_Char"...
"UART_RX_Char" - 0 Error(s), 1 Warning(s).
Build target 'Target 1'
compiling UART_RX_Char.c...
UART_RX_CHAR.C(111): warning C260: '=': pointer truncation
linking...
*** WARNING L16: UNCALLED SEGMENT, IGNORED FOR OVERLAY PROCESS
    SEGMENT: ?PR?_DELAY1MS?UART_RX_CHAR
Program Size: data=19.0 xdata=0 code=698
creating hex file from "UART_RX_Char"...
"UART_RX_Char" - 0 Error(s), 2 Warning(s).
Build target 'Target 1'
compiling UART_RX_Char.c...
linking...
*** WARNING L16: UNCALLED SEGMENT, IGNORED FOR OVERLAY PROCESS
    SEGMENT: ?PR?_DELAY1MS?UART_RX_CHAR
Program Size: data=19.0 xdata=0 code=731
creating hex file from "UART_RX_Char"...
"UART_RX_Char" - 0 Error(s), 1 Warning(s).
Build target 'Target 1'
compiling UART_RX_Char.c...
linking...
*** WARNING L16: UNCALLED SEGMENT, IGNORED FOR OVERLAY PROCESS
    SEGMENT: ?PR?_DELAY1MS?UART_RX_CHAR
Program Size: data=19.0 xdata=0 code=749
creating hex file from "UART_RX_Char"...
"UART_RX_Char" - 0 Error(s), 1 Warning(s).
Build target 'Target 1'
compiling UART_RX_Char.c...
linking...
*** WARNING L16: UNCALLED SEGMENT, IGNORED FOR OVERLAY PROCESS
    SEGMENT: ?PR?_DELAY1MS?UART_RX_CHAR
Program Size: data=19.0 xdata=0 code=757
creating hex file from "UART_RX_Char"...
"UART_RX_Char" - 0 Error(s), 1 Warning(s).
Build target 'Target 1'
compiling UART_RX_Char.c...
linking...
Program Size: data=19.0 xdata=0 code=764
creating hex file from "UART_RX_Char"...
"UART_RX_Char" - 0 Error(s), 0 Warning(s).
Build target 'Target 1'
compiling UART_RX_Char.c...
linking...
Program Size: data=33.0 xdata=0 code=724
creating hex file from "UART_RX_Char"...
"UART_RX_Char" - 0 Error(s), 0 Warning(s).
Build target 'Target 1'
compiling UART_RX_Char.c...
UART_RX_CHAR.C(121): error C202: 'Rx_Data': undefined identifier
UART_RX_CHAR.C(123): error C202: 'Rx_Data': undefined identifier
UART_RX_CHAR.C(127): error C141: syntax error near 'void'
Target not created
Build target 'Target 1'
compiling UART_RX_Char.c...
UART_RX_CHAR.C(123): error C187: not an lvalue
UART_RX_CHAR.C(127): error C141: syntax error near 'void'
Target not created
Build target 'Target 1'
compiling UART_RX_Char.c...
UART_RX_CHAR.C(123): error C187: not an lvalue
Target not created
