<html>
<body>
<pre>
<h1>Vision Build Log</h1>
<h2>Project:</h2>
F:\吴鉴鹰单片机编程练习\作业\矩阵按键\定时器标志位去抖\matrix_button.uvproj
Project File Date:  11/20/2016

<h2>Output:</h2>
Build target 'Target 1'
compiling matrix_button.c...
MATRIX_BUTTON.C(78): error C141: syntax error near 'temp'
Target not created
Build target 'Target 1'
compiling matrix_button.c...
MATRIX_BUTTON.C(78): error C141: syntax error near 'temp'
Target not created
Build target 'Target 1'
compiling matrix_button.c...
linking...
*** WARNING L16: UNCALLED SEGMENT, IGNORED FOR OVERLAY PROCESS
    SEGMENT: ?PR?TIMER0INIT?MATRIX_BUTTON
Program Size: data=11.0 xdata=0 code=548
creating hex file from ".\output\matrix_button"...
".\output\matrix_button" - 0 Error(s), 1 Warning(s).
Build target 'Target 1'
compiling matrix_button.c...
linking...
Program Size: data=11.0 xdata=0 code=551
creating hex file from ".\output\matrix_button"...
".\output\matrix_button" - 0 Error(s), 0 Warning(s).
Build target 'Target 1'
linking...
Program Size: data=11.0 xdata=0 code=551
creating hex file from ".\output\matrix_button"...
".\output\matrix_button" - 0 Error(s), 0 Warning(s).
Build target 'Target 1'
compiling matrix_button.c...
MATRIX_BUTTON.C(91): error C171: 'break': missing enclosing loop
Target not created
Build target 'Target 1'
compiling matrix_button.c...
linking...
Program Size: data=11.0 xdata=0 code=551
creating hex file from ".\output\matrix_button"...
".\output\matrix_button" - 0 Error(s), 0 Warning(s).
Build target 'Target 1'
compiling matrix_button.c...
linking...
Program Size: data=11.0 xdata=0 code=549
creating hex file from ".\output\matrix_button"...
".\output\matrix_button" - 0 Error(s), 0 Warning(s).
Build target 'Target 1'
compiling matrix_button.c...
linking...
Program Size: data=11.0 xdata=0 code=573
creating hex file from ".\output\matrix_button"...
".\output\matrix_button" - 0 Error(s), 0 Warning(s).
Build target 'Target 1'
compiling matrix_button.c...
linking...
Program Size: data=11.0 xdata=0 code=573
creating hex file from ".\output\matrix_button"...
".\output\matrix_button" - 0 Error(s), 0 Warning(s).
Build target 'Target 1'
compiling matrix_button.c...
linking...
Program Size: data=11.0 xdata=0 code=573
creating hex file from ".\output\matrix_button"...
".\output\matrix_button" - 0 Error(s), 0 Warning(s).
Build target 'Target 1'
compiling matrix_button.c...
linking...
Program Size: data=11.0 xdata=0 code=573
creating hex file from ".\output\matrix_button"...
".\output\matrix_button" - 0 Error(s), 0 Warning(s).
Build target 'Target 1'
compiling matrix_button.c...
MATRIX_BUTTON.C(97): error C231: 'P2': redefinition
MATRIX_BUTTON.C(97): error C231: 'P2': redefinition
MATRIX_BUTTON.C(98): error C231: 'temp': redefinition
MATRIX_BUTTON.C(98): error C247: non-address/-constant initializer
MATRIX_BUTTON.C(99): error C279: 'temp': multiple initialization
MATRIX_BUTTON.C(99): error C247: non-address/-constant initializer
MATRIX_BUTTON.C(100): error C141: syntax error near 'if'
MATRIX_BUTTON.C(100): error C141: syntax error near '0x0f'
MATRIX_BUTTON.C(100): error C129: missing ';' before ')'
Target not created
Build target 'Target 1'
compiling matrix_button.c...
linking...
Program Size: data=11.0 xdata=0 code=581
creating hex file from ".\output\matrix_button"...
".\output\matrix_button" - 0 Error(s), 0 Warning(s).
