<html>
<body>
<pre>
<h1>Vision Build Log</h1>
<h2>Project:</h2>
F:\吴鉴鹰单片机编程练习\作业\UART异步串口通信\uart_communication.uvproj
Project File Date:  11/20/2016

<h2>Output:</h2>
Build target 'Target 1'
compiling uart_communication.c...
UART_COMMUNICATION.C(7): error C141: syntax error near ')'
UART_COMMUNICATION.C(10): error C141: syntax error near 'data'
UART_COMMUNICATION.C(10): error C141: syntax error near '!='
UART_COMMUNICATION.C(10): error C141: syntax error near ')'
UART_COMMUNICATION.C(12): error C141: syntax error near 'data'
UART_COMMUNICATION.C(12): error C141: syntax error near ')'
Target not created
Build target 'Target 1'
compiling uart_communication.c...
UART_COMMUNICATION.C(7): error C141: syntax error near ')'
UART_COMMUNICATION.C(10): error C141: syntax error near 'data'
UART_COMMUNICATION.C(10): error C141: syntax error near '!='
UART_COMMUNICATION.C(10): error C141: syntax error near ')'
UART_COMMUNICATION.C(12): error C141: syntax error near 'data'
UART_COMMUNICATION.C(12): error C141: syntax error near ')'
Target not created
Build target 'Target 1'
compiling uart_communication.c...
UART_COMMUNICATION.C(7): error C141: syntax error near ')'
UART_COMMUNICATION.C(10): error C141: syntax error near 'data'
UART_COMMUNICATION.C(10): error C141: syntax error near ')'
UART_COMMUNICATION.C(10): error C141: syntax error near ')'
UART_COMMUNICATION.C(12): error C141: syntax error near 'data'
UART_COMMUNICATION.C(12): error C141: syntax error near ')'
Target not created
Build target 'Target 1'
compiling uart_communication.c...
UART_COMMUNICATION.C(7): error C141: syntax error near ')'
UART_COMMUNICATION.C(10): error C141: syntax error near 'data'
UART_COMMUNICATION.C(10): error C141: syntax error near '!='
UART_COMMUNICATION.C(10): error C141: syntax error near ')'
UART_COMMUNICATION.C(12): error C141: syntax error near 'data'
UART_COMMUNICATION.C(12): error C141: syntax error near ')'
Target not created
Build target 'Target 1'
compiling uart_communication.c...
UART_COMMUNICATION.C(16): warning C275: expression with possibly no effect
linking...
Program Size: data=15.0 xdata=0 code=255
creating hex file from ".\output\uart_communication"...
".\output\uart_communication" - 0 Error(s), 1 Warning(s).
Build target 'Target 1'
compiling uart_communication.c...
linking...
Program Size: data=15.0 xdata=0 code=257
creating hex file from ".\output\uart_communication"...
".\output\uart_communication" - 0 Error(s), 0 Warning(s).
Build target 'Target 1'
compiling uart_communication.c...
linking...
Program Size: data=15.0 xdata=0 code=259
creating hex file from ".\output\uart_communication"...
".\output\uart_communication" - 0 Error(s), 0 Warning(s).
Build target 'Target 1'
compiling uart_communication.c...
UART_COMMUNICATION.C(33): error C214: illegal pointer conversion
Target not created
Build target 'Target 1'
compiling uart_communication.c...
linking...
Program Size: data=15.0 xdata=0 code=259
creating hex file from ".\output\uart_communication"...
".\output\uart_communication" - 0 Error(s), 0 Warning(s).
Build target 'Target 1'
compiling uart_communication.c...
UART_COMMUNICATION.C(39): warning C206: 'Init_interrupt': missing function-prototype
linking...
*** WARNING L16: UNCALLED SEGMENT, IGNORED FOR OVERLAY PROCESS
    SEGMENT: ?PR?INIT_INTERRIPT?UART_COMMUNICATION
*** WARNING L1: UNRESOLVED EXTERNAL SYMBOL
    SYMBOL:  INIT_INTERRUPT
    MODULE:  .\output\uart_communication.obj (UART_COMMUNICATION)
*** WARNING L2: REFERENCE MADE TO UNRESOLVED EXTERNAL
    SYMBOL:  INIT_INTERRUPT
    MODULE:  .\output\uart_communication.obj (UART_COMMUNICATION)
    ADDRESS: 00E3H
Program Size: data=15.0 xdata=0 code=268
creating hex file from ".\output\uart_communication"...
".\output\uart_communication" - 0 Error(s), 4 Warning(s).
Build target 'Target 1'
compiling uart_communication.c...
linking...
Program Size: data=15.0 xdata=0 code=268
creating hex file from ".\output\uart_communication"...
".\output\uart_communication" - 0 Error(s), 0 Warning(s).
Build target 'Target 1'
compiling uart_communication.c...
linking...
Program Size: data=15.0 xdata=0 code=277
creating hex file from ".\output\uart_communication"...
".\output\uart_communication" - 0 Error(s), 0 Warning(s).
Build target 'Target 1'
compiling uart_communication.c...
linking...
Program Size: data=21.0 xdata=0 code=275
creating hex file from ".\output\uart_communication"...
".\output\uart_communication" - 0 Error(s), 0 Warning(s).
Build target 'Target 1'
compiling uart_communication.c...
linking...
Program Size: data=21.0 xdata=0 code=269
creating hex file from ".\output\uart_communication"...
".\output\uart_communication" - 0 Error(s), 0 Warning(s).
Build target 'Target 1'
compiling uart_communication.c...
linking...
Program Size: data=21.0 xdata=0 code=275
creating hex file from ".\output\uart_communication"...
".\output\uart_communication" - 0 Error(s), 0 Warning(s).
Build target 'Target 1'
compiling uart_communication.c...
UART_COMMUNICATION.C(40): error C141: syntax error near ']'
Target not created
Build target 'Target 1'
compiling uart_communication.c...
UART_COMMUNICATION.C(40): error C214: illegal pointer conversion
Target not created
Build target 'Target 1'
compiling uart_communication.c...
linking...
Program Size: data=21.0 xdata=0 code=275
creating hex file from ".\output\uart_communication"...
".\output\uart_communication" - 0 Error(s), 0 Warning(s).
Build target 'Target 1'
compiling uart_communication.c...
linking...
Program Size: data=21.0 xdata=0 code=278
creating hex file from ".\output\uart_communication"...
".\output\uart_communication" - 0 Error(s), 0 Warning(s).
Build target 'Target 1'
compiling uart_communication.c...
linking...
Program Size: data=21.0 xdata=0 code=280
creating hex file from ".\output\uart_communication"...
".\output\uart_communication" - 0 Error(s), 0 Warning(s).
Build target 'Target 1'
compiling uart_communication.c...
linking...
Program Size: data=21.0 xdata=0 code=309
creating hex file from ".\output\uart_communication"...
".\output\uart_communication" - 0 Error(s), 0 Warning(s).
Build target 'Target 1'
linking...
Program Size: data=21.0 xdata=0 code=309
creating hex file from ".\output\uart_communication"...
".\output\uart_communication" - 0 Error(s), 0 Warning(s).
Build target 'Target 1'
compiling uart_communication.c...
linking...
Program Size: data=21.0 xdata=0 code=307
creating hex file from ".\output\uart_communication"...
".\output\uart_communication" - 0 Error(s), 0 Warning(s).
Build target 'Target 1'
compiling uart_communication.c...
linking...
Program Size: data=15.0 xdata=0 code=313
creating hex file from ".\output\uart_communication"...
".\output\uart_communication" - 0 Error(s), 0 Warning(s).
Build target 'Target 1'
compiling uart_communication.c...
linking...
Program Size: data=15.0 xdata=0 code=314
creating hex file from ".\output\uart_communication"...
".\output\uart_communication" - 0 Error(s), 0 Warning(s).
Build target 'Target 1'
compiling uart_communication.c...
linking...
Program Size: data=22.0 xdata=0 code=311
creating hex file from ".\output\uart_communication"...
".\output\uart_communication" - 0 Error(s), 0 Warning(s).
Build target 'Target 1'
compiling uart_communication.c...
linking...
Program Size: data=15.0 xdata=0 code=313
creating hex file from ".\output\uart_communication"...
".\output\uart_communication" - 0 Error(s), 0 Warning(s).
Build target 'Target 1'
compiling uart_communication.c...
linking...
Program Size: data=22.0 xdata=0 code=310
creating hex file from ".\output\uart_communication"...
".\output\uart_communication" - 0 Error(s), 0 Warning(s).
Build target 'Target 1'
compiling uart_communication.c...
linking...
Program Size: data=22.0 xdata=0 code=308
creating hex file from ".\output\uart_communication"...
".\output\uart_communication" - 0 Error(s), 0 Warning(s).
Build target 'Target 1'
compiling uart_communication.c...
linking...
Program Size: data=22.0 xdata=0 code=310
creating hex file from ".\output\uart_communication"...
".\output\uart_communication" - 0 Error(s), 0 Warning(s).
Build target 'Target 1'
compiling uart_communication.c...
linking...
Program Size: data=23.0 xdata=0 code=311
creating hex file from ".\output\uart_communication"...
".\output\uart_communication" - 0 Error(s), 0 Warning(s).
Build target 'Target 1'
compiling uart_communication.c...
UART_COMMUNICATION.C(16): error C141: syntax error near '\'
UART_COMMUNICATION.C(16): error C202: 'n': undefined identifier
Target not created
Build target 'Target 1'
compiling uart_communication.c...
linking...
Program Size: data=22.0 xdata=0 code=313
creating hex file from ".\output\uart_communication"...
".\output\uart_communication" - 0 Error(s), 0 Warning(s).
Build target 'Target 1'
compiling uart_communication.c...
linking...
Program Size: data=22.0 xdata=0 code=304
creating hex file from ".\output\uart_communication"...
".\output\uart_communication" - 0 Error(s), 0 Warning(s).
Build target 'Target 1'
compiling uart_communication.c...
UART_COMMUNICATION.C(13): warning C206: 'Delay': missing function-prototype
UART_COMMUNICATION.C(13): error C267: 'Delay': requires ANSI-style prototype
UART_COMMUNICATION.C(50): error C231: 'Delay': redefinition
UART_COMMUNICATION.C(58): error C231: 'Delay': redefinition
Target not created
Build target 'Target 1'
compiling uart_communication.c...
UART_COMMUNICATION.C(9): warning C206: 'Delay': missing function-prototype
UART_COMMUNICATION.C(10): error C141: syntax error near 'unsigned'
UART_COMMUNICATION.C(10): error C202: 'i': undefined identifier
UART_COMMUNICATION.C(11): error C202: 'i': undefined identifier
UART_COMMUNICATION.C(13): error C202: 'i': undefined identifier
UART_COMMUNICATION.C(51): error C231: 'Delay': redefinition
UART_COMMUNICATION.C(59): error C231: 'Delay': redefinition
Target not created
Build target 'Target 1'
compiling uart_communication.c...
linking...
Program Size: data=22.0 xdata=0 code=311
creating hex file from ".\output\uart_communication"...
".\output\uart_communication" - 0 Error(s), 0 Warning(s).
Build target 'Target 1'
linking...
Program Size: data=22.0 xdata=0 code=311
creating hex file from ".\output\uart_communication"...
".\output\uart_communication" - 0 Error(s), 0 Warning(s).
Build target 'Target 1'
compiling uart_communication.c...
linking...
Program Size: data=22.0 xdata=0 code=311
creating hex file from ".\output\uart_communication"...
".\output\uart_communication" - 0 Error(s), 0 Warning(s).
Build target 'Target 1'
linking...
Program Size: data=22.0 xdata=0 code=311
creating hex file from ".\output\uart_communication"...
".\output\uart_communication" - 0 Error(s), 0 Warning(s).
Build target 'Target 1'
compiling uart_communication.c...
linking...
Program Size: data=22.0 xdata=0 code=311
creating hex file from ".\output\uart_communication"...
".\output\uart_communication" - 0 Error(s), 0 Warning(s).
Build target 'Target 1'
compiling uart_communication.c...
linking...
Program Size: data=22.0 xdata=0 code=311
creating hex file from ".\output\uart_communication"...
".\output\uart_communication" - 0 Error(s), 0 Warning(s).
Build target 'Target 1'
compiling uart_communication.c...
linking...
Program Size: data=22.0 xdata=0 code=311
creating hex file from ".\output\uart_communication"...
".\output\uart_communication" - 0 Error(s), 0 Warning(s).
Build target 'Target 1'
compiling uart_communication.c...
linking...
Program Size: data=22.0 xdata=0 code=311
creating hex file from ".\output\uart_communication"...
".\output\uart_communication" - 0 Error(s), 0 Warning(s).
Build target 'Target 1'
compiling uart_communication.c...
linking...
Program Size: data=22.0 xdata=0 code=311
creating hex file from ".\output\uart_communication"...
".\output\uart_communication" - 0 Error(s), 0 Warning(s).
Build target 'Target 1'
compiling uart_communication.c...
linking...
Program Size: data=22.0 xdata=0 code=311
creating hex file from ".\output\uart_communication"...
".\output\uart_communication" - 0 Error(s), 0 Warning(s).
Build target 'Target 1'
compiling uart_communication.c...
linking...
Program Size: data=22.0 xdata=0 code=311
creating hex file from ".\output\uart_communication"...
".\output\uart_communication" - 0 Error(s), 0 Warning(s).
Build target 'Target 1'
compiling uart_communication.c...
linking...
Program Size: data=22.0 xdata=0 code=311
creating hex file from ".\output\uart_communication"...
".\output\uart_communication" - 0 Error(s), 0 Warning(s).
Build target 'Target 1'
compiling uart_communication.c...
linking...
Program Size: data=22.0 xdata=0 code=311
creating hex file from ".\output\uart_communication"...
".\output\uart_communication" - 0 Error(s), 0 Warning(s).
Build target 'Target 1'
compiling uart_communication.c...
linking...
Program Size: data=22.0 xdata=0 code=312
creating hex file from ".\output\uart_communication"...
".\output\uart_communication" - 0 Error(s), 0 Warning(s).
Build target 'Target 1'
compiling uart_communication.c...
linking...
Program Size: data=22.0 xdata=0 code=312
creating hex file from ".\output\uart_communication"...
".\output\uart_communication" - 0 Error(s), 0 Warning(s).
Build target 'Target 1'
compiling uart_communication.c...
linking...
Program Size: data=22.0 xdata=0 code=312
creating hex file from ".\output\uart_communication"...
".\output\uart_communication" - 0 Error(s), 0 Warning(s).
Build target 'Target 1'
compiling uart_communication.c...
linking...
Program Size: data=22.0 xdata=0 code=312
creating hex file from ".\output\uart_communication"...
".\output\uart_communication" - 0 Error(s), 0 Warning(s).
Build target 'Target 1'
compiling uart_communication.c...
linking...
Program Size: data=22.0 xdata=0 code=311
creating hex file from ".\output\uart_communication"...
".\output\uart_communication" - 0 Error(s), 0 Warning(s).
Build target 'Target 1'
compiling uart_communication.c...
linking...
Program Size: data=22.0 xdata=0 code=305
creating hex file from ".\output\uart_communication"...
".\output\uart_communication" - 0 Error(s), 0 Warning(s).
Build target 'Target 1'
compiling uart_communication.c...
UART_COMMUNICATION.C(39): error C141: syntax error near 'while'
Target not created
Build target 'Target 1'
compiling uart_communication.c...
linking...
Program Size: data=22.0 xdata=0 code=305
creating hex file from ".\output\uart_communication"...
".\output\uart_communication" - 0 Error(s), 0 Warning(s).
Build target 'Target 1'
compiling uart_communication.c...
linking...
Program Size: data=15.0 xdata=0 code=308
creating hex file from ".\output\uart_communication"...
".\output\uart_communication" - 0 Error(s), 0 Warning(s).
Build target 'Target 1'
compiling uart_communication.c...
linking...
Program Size: data=15.0 xdata=0 code=308
creating hex file from ".\output\uart_communication"...
".\output\uart_communication" - 0 Error(s), 0 Warning(s).
Build target 'Target 1'
compiling uart_communication.c...
linking...
Program Size: data=15.0 xdata=0 code=308
creating hex file from ".\output\uart_communication"...
".\output\uart_communication" - 0 Error(s), 0 Warning(s).
Build target 'Target 1'
compiling uart_communication.c...
linking...
Program Size: data=15.0 xdata=0 code=308
creating hex file from ".\output\uart_communication"...
".\output\uart_communication" - 0 Error(s), 0 Warning(s).
Build target 'Target 1'
compiling uart_communication.c...
linking...
Program Size: data=15.0 xdata=0 code=315
creating hex file from ".\output\uart_communication"...
".\output\uart_communication" - 0 Error(s), 0 Warning(s).
