<html>
<body>
<pre>
<h1>Vision Build Log</h1>
<h2>Project:</h2>
F:\吴鉴鹰单片机编程练习\作业\定时器部分\test\test.uvproj
Project File Date:  11/02/2016

<h2>Output:</h2>
Build target 'Target 1'
compiling Timer_led.c...
TIMER_LED.C(64): error C141: syntax error near 'unsigned'
TIMER_LED.C(64): error C202: 'counter': undefined identifier
TIMER_LED.C(65): error C141: syntax error near 'unsigned'
TIMER_LED.C(65): error C202: 'k': undefined identifier
TIMER_LED.C(73): error C202: 'counter': undefined identifier
TIMER_LED.C(75): error C202: 'counter': undefined identifier
TIMER_LED.C(77): error C202: 'k': undefined identifier
TIMER_LED.C(78): error C202: 'k': undefined identifier
TIMER_LED.C(80): error C202: 'k': undefined identifier
TIMER_LED.C(85): error C202: 'k': undefined identifier
Target not created
Build target 'Target 1'
compiling Timer_led.c...
linking...
Program Size: data=10.0 xdata=0 code=177
creating hex file from "test"...
"test" - 0 Error(s), 0 Warning(s).
Build target 'Target 1'
compiling Timer_led.c...
linking...
Program Size: data=10.0 xdata=0 code=180
creating hex file from "test"...
"test" - 0 Error(s), 0 Warning(s).
Build target 'Target 1'
compiling Timer_led.c...
linking...
Program Size: data=10.0 xdata=0 code=166
creating hex file from "test"...
"test" - 0 Error(s), 0 Warning(s).
